<?xml version="1.0" encoding="UTF-8"?>
<!-- Generated by org.testng.reporters.JUnitReportReporter -->
<testsuite skipped="0" hostname="DESKTOP-SNHNI7P" name="tests.Tests" tests="1" failures="0" timestamp="2022-01-11T12:59:54 ART" time="20.206" errors="0">
  <testcase name="selectWomen" time="20.206" classname="tests.Tests"/>
  <system-out/>
</testsuite> <!-- tests.Tests -->
